<?xml version="1.0" encoding="UTF-8"?>
<testsuite xmlns:xsi="http://www.w3.org/2001/XMLSchema-instance" xsi:noNamespaceSchemaLocation="https://maven.apache.org/surefire/maven-surefire-plugin/xsd/surefire-test-report-3.0.xsd" version="3.0" name="com.ada.stockexchange.domain.StockTest" time="0.078" tests="4" errors="0" skipped="0" failures="0">
  <properties>
    <property name="sun.desktop" value="windows"/>
    <property name="awt.toolkit" value="sun.awt.windows.WToolkit"/>
    <property name="java.specification.version" value="12"/>
    <property name="sun.cpu.isalist" value="amd64"/>
    <property name="sun.jnu.encoding" value="Cp1252"/>
    <property name="java.class.path" value="C:\dev\switchfully\stock-exchange\domain\target\clover\test-classes;C:\dev\switchfully\stock-exchange\domain\target\clover\classes;c:\devenv\java\.m2\repository\org\junit\jupiter\junit-jupiter-api\5.5.2\junit-jupiter-api-5.5.2.jar;c:\devenv\java\.m2\repository\org\apiguardian\apiguardian-api\1.1.0\apiguardian-api-1.1.0.jar;c:\devenv\java\.m2\repository\org\opentest4j\opentest4j\1.2.0\opentest4j-1.2.0.jar;c:\devenv\java\.m2\repository\org\junit\platform\junit-platform-commons\1.5.2\junit-platform-commons-1.5.2.jar;c:\devenv\java\.m2\repository\org\junit\jupiter\junit-jupiter-engine\5.5.2\junit-jupiter-engine-5.5.2.jar;c:\devenv\java\.m2\repository\org\junit\platform\junit-platform-engine\1.5.2\junit-platform-engine-1.5.2.jar;c:\devenv\java\.m2\repository\com\google\guava\guava\28.1-jre\guava-28.1-jre.jar;c:\devenv\java\.m2\repository\com\google\guava\failureaccess\1.0.1\failureaccess-1.0.1.jar;c:\devenv\java\.m2\repository\com\google\guava\listenablefuture\9999.0-empty-to-avoid-conflict-with-guava\listenablefuture-9999.0-empty-to-avoid-conflict-with-guava.jar;c:\devenv\java\.m2\repository\com\google\code\findbugs\jsr305\3.0.2\jsr305-3.0.2.jar;c:\devenv\java\.m2\repository\org\checkerframework\checker-qual\2.8.1\checker-qual-2.8.1.jar;c:\devenv\java\.m2\repository\com\google\errorprone\error_prone_annotations\2.3.2\error_prone_annotations-2.3.2.jar;c:\devenv\java\.m2\repository\com\google\j2objc\j2objc-annotations\1.3\j2objc-annotations-1.3.jar;c:\devenv\java\.m2\repository\org\codehaus\mojo\animal-sniffer-annotations\1.18\animal-sniffer-annotations-1.18.jar;c:\devenv\java\.m2\repository\com\atlassian\clover\clover\4.1.2\clover-4.1.2.jar;C:\Users\7515972\AppData\Local\Temp\grover15669900784426459826.jar;"/>
    <property name="java.vm.vendor" value="Oracle Corporation"/>
    <property name="sun.arch.data.model" value="64"/>
    <property name="user.variant" value=""/>
    <property name="java.vendor.url" value="https://java.oracle.com/"/>
    <property name="user.timezone" value="Europe/Brussels"/>
    <property name="os.name" value="Windows 10"/>
    <property name="java.vm.specification.version" value="12"/>
    <property name="sun.java.launcher" value="SUN_STANDARD"/>
    <property name="user.country" value="BE"/>
    <property name="sun.boot.library.path" value="C:\devenv\java\jdk-12.0.2\bin"/>
    <property name="sun.java.command" value="C:\Users\7515972\AppData\Local\Temp\surefire10240066604877882535\surefirebooter15079761480647905849.jar C:\Users\7515972\AppData\Local\Temp\surefire10240066604877882535 2019-10-16T15-27-33_539-jvmRun1 surefire13011955718909953994tmp surefire_012864195235776829187tmp"/>
    <property name="jdk.debug" value="release"/>
    <property name="surefire.test.class.path" value="C:\dev\switchfully\stock-exchange\domain\target\clover\test-classes;C:\dev\switchfully\stock-exchange\domain\target\clover\classes;c:\devenv\java\.m2\repository\org\junit\jupiter\junit-jupiter-api\5.5.2\junit-jupiter-api-5.5.2.jar;c:\devenv\java\.m2\repository\org\apiguardian\apiguardian-api\1.1.0\apiguardian-api-1.1.0.jar;c:\devenv\java\.m2\repository\org\opentest4j\opentest4j\1.2.0\opentest4j-1.2.0.jar;c:\devenv\java\.m2\repository\org\junit\platform\junit-platform-commons\1.5.2\junit-platform-commons-1.5.2.jar;c:\devenv\java\.m2\repository\org\junit\jupiter\junit-jupiter-engine\5.5.2\junit-jupiter-engine-5.5.2.jar;c:\devenv\java\.m2\repository\org\junit\platform\junit-platform-engine\1.5.2\junit-platform-engine-1.5.2.jar;c:\devenv\java\.m2\repository\com\google\guava\guava\28.1-jre\guava-28.1-jre.jar;c:\devenv\java\.m2\repository\com\google\guava\failureaccess\1.0.1\failureaccess-1.0.1.jar;c:\devenv\java\.m2\repository\com\google\guava\listenablefuture\9999.0-empty-to-avoid-conflict-with-guava\listenablefuture-9999.0-empty-to-avoid-conflict-with-guava.jar;c:\devenv\java\.m2\repository\com\google\code\findbugs\jsr305\3.0.2\jsr305-3.0.2.jar;c:\devenv\java\.m2\repository\org\checkerframework\checker-qual\2.8.1\checker-qual-2.8.1.jar;c:\devenv\java\.m2\repository\com\google\errorprone\error_prone_annotations\2.3.2\error_prone_annotations-2.3.2.jar;c:\devenv\java\.m2\repository\com\google\j2objc\j2objc-annotations\1.3\j2objc-annotations-1.3.jar;c:\devenv\java\.m2\repository\org\codehaus\mojo\animal-sniffer-annotations\1.18\animal-sniffer-annotations-1.18.jar;c:\devenv\java\.m2\repository\com\atlassian\clover\clover\4.1.2\clover-4.1.2.jar;C:\Users\7515972\AppData\Local\Temp\grover15669900784426459826.jar;"/>
    <property name="sun.cpu.endian" value="little"/>
    <property name="user.home" value="C:\Users\7515972"/>
    <property name="user.language" value="fr"/>
    <property name="java.specification.vendor" value="Oracle Corporation"/>
    <property name="java.version.date" value="2019-07-16"/>
    <property name="java.home" value="C:\devenv\java\jdk-12.0.2"/>
    <property name="file.separator" value="\"/>
    <property name="basedir" value="C:\dev\switchfully\stock-exchange\domain"/>
    <property name="java.vm.compressedOopsMode" value="Zero based"/>
    <property name="line.separator" value="&#10;"/>
    <property name="java.vm.specification.vendor" value="Oracle Corporation"/>
    <property name="java.specification.name" value="Java Platform API Specification"/>
    <property name="java.awt.graphicsenv" value="sun.awt.Win32GraphicsEnvironment"/>
    <property name="surefire.real.class.path" value="C:\Users\7515972\AppData\Local\Temp\surefire10240066604877882535\surefirebooter15079761480647905849.jar"/>
    <property name="user.script" value=""/>
    <property name="sun.management.compiler" value="HotSpot 64-Bit Tiered Compilers"/>
    <property name="java.runtime.version" value="12.0.2+10"/>
    <property name="user.name" value="7515972"/>
    <property name="path.separator" value=";"/>
    <property name="os.version" value="10.0"/>
    <property name="java.runtime.name" value="Java(TM) SE Runtime Environment"/>
    <property name="file.encoding" value="Cp1252"/>
    <property name="java.vm.name" value="Java HotSpot(TM) 64-Bit Server VM"/>
    <property name="localRepository" value="c:\devenv\java\.m2\repository"/>
    <property name="java.vendor.url.bug" value="https://bugreport.java.com/bugreport/"/>
    <property name="java.io.tmpdir" value="C:\Users\7515972\AppData\Local\Temp\"/>
    <property name="java.version" value="12.0.2"/>
    <property name="user.dir" value="C:\dev\switchfully\stock-exchange\domain"/>
    <property name="os.arch" value="amd64"/>
    <property name="java.vm.specification.name" value="Java Virtual Machine Specification"/>
    <property name="sun.os.patch.level" value=""/>
    <property name="java.library.path" value="C:\devenv\java\jdk-12.0.2\bin;C:\WINDOWS\Sun\Java\bin;C:\WINDOWS\system32;C:\WINDOWS;C:\Users\7515972\bin;C:\Program Files\Git\mingw64\bin;C:\Program Files\Git\usr\local\bin;C:\Program Files\Git\usr\bin;C:\Program Files\Git\usr\bin;C:\Program Files\Git\mingw64\bin;C:\Program Files\Git\usr\bin;C:\Users\7515972\bin;C:\Program Files (x86)\Centura\Deploy;C:\devenv\java\jdk-12.0.2\bin;C:\devenv\maven\apache-maven-3.6.2\bin;C:\ProgramData\Oracle\Java\javapath;C:\Oracle\11.2.0.3\bin;C:\WINDOWS\system32;C:\WINDOWS;C:\WINDOWS\System32\Wbem;C:\WINDOWS\System32\WindowsPowerShell\v1.0;C:\Program Files\LCM-ANMC\WORKSTATIONMANAGEMENT;C:\Program Files (x86)\PCMX-32\bin;C:\Program Files (x86)\upic32\sys;C:\Program Files (x86)\Common Files\ISIS\Isiscomm\w3\lib;C:\Program Files\Git\cmd;C:\devenv\nodejs;C:\Users\7515972\AppData\Local\Microsoft\WindowsApps;C:\Users\7515972\AppData\Local\atom\bin;C:\Users\7515972\AppData\Roaming\npm;C:\Program Files\Git\usr\bin\vendor_perl;C:\Program Files\Git\usr\bin\core_perl;."/>
    <property name="java.vm.info" value="mixed mode, sharing"/>
    <property name="java.vendor" value="Oracle Corporation"/>
    <property name="java.vm.version" value="12.0.2+10"/>
    <property name="sun.io.unicode.encoding" value="UnicodeLittle"/>
    <property name="java.class.version" value="56.0"/>
  </properties>
  <testcase name="givenStockRepository_whenAskForStockInformationForAValidIdAA_thenReturnStock" classname="com.ada.stockexchange.domain.StockTest" time="0.059"/>
  <testcase name="givenStockWithNoPrice_whenAskingForPrice_thenZeroIsReturned" classname="com.ada.stockexchange.domain.StockTest" time="0"/>
  <testcase name="givenStockRepository_whenAskForStockInformationForAnInvalidIdZZ_thenThrowsIllagalArgumentException" classname="com.ada.stockexchange.domain.StockTest" time="0.002"/>
  <testcase name="givenStockWithNoPrice_whenAskingForCurrency_thenTheDefaultEuroIsReturned" classname="com.ada.stockexchange.domain.StockTest" time="0.002"/>
</testsuite>